SF:lib\pages\story_page.dart
DA:14,1
DA:16,1
DA:17,1
DA:23,1
DA:25,2
DA:29,1
DA:30,1
DA:31,1
DA:32,1
DA:33,2
DA:34,1
DA:35,1
DA:36,2
LF:13
LH:13
end_of_record
SF:lib\pages\forget_password_page.dart
DA:7,5
DA:9,1
DA:10,1
DA:16,1
DA:18,1
DA:19,0
DA:21,0
DA:25,2
DA:26,3
DA:27,3
DA:32,1
DA:34,2
DA:35,1
DA:38,1
DA:40,1
DA:41,1
DA:48,1
DA:49,1
DA:50,1
DA:53,1
DA:55,1
DA:56,1
DA:57,1
DA:60,1
DA:67,3
DA:69,1
DA:73,1
DA:75,1
DA:76,1
DA:78,1
DA:79,1
DA:93,1
DA:94,1
DA:95,1
DA:97,1
DA:103,1
DA:105,1
DA:106,0
DA:107,0
DA:109,0
LF:40
LH:35
end_of_record
SF:lib\pages\login_page.dart
DA:9,13
DA:11,1
DA:12,1
DA:19,1
DA:21,2
DA:22,2
DA:23,1
DA:26,0
DA:28,0
DA:29,0
DA:30,0
DA:33,0
DA:34,0
DA:35,0
DA:38,0
DA:39,0
DA:40,0
DA:45,1
DA:47,1
DA:48,1
DA:55,1
DA:56,1
DA:57,1
DA:60,1
DA:62,1
DA:63,1
DA:64,1
DA:67,1
DA:74,1
DA:75,2
DA:76,2
DA:78,1
DA:81,1
DA:83,1
DA:84,3
DA:90,1
DA:91,2
DA:92,2
DA:94,1
DA:98,1
DA:100,1
DA:101,1
DA:103,1
DA:104,1
DA:118,1
DA:120,1
DA:121,1
DA:136,1
DA:138,1
DA:140,1
DA:141,0
DA:142,0
DA:144,0
DA:159,1
DA:160,1
DA:161,1
DA:163,1
DA:168,1
DA:185,1
DA:186,0
DA:187,0
DA:189,0
DA:192,1
LF:63
LH:47
end_of_record
SF:lib\pages\friends_page.dart
DA:4,0
DA:6,0
DA:8,0
DA:9,0
DA:14,0
DA:16,0
DA:20,0
DA:22,0
DA:23,0
DA:24,0
DA:25,0
DA:27,0
DA:28,0
DA:29,0
DA:32,0
DA:34,0
DA:39,0
DA:40,0
DA:41,0
LF:19
LH:0
end_of_record
SF:lib\pages\home_page.dart
DA:8,4
DA:10,0
DA:11,0
DA:16,0
DA:17,0
DA:18,0
DA:24,0
DA:26,0
DA:27,0
DA:28,0
DA:30,0
DA:31,0
DA:33,0
DA:34,0
DA:35,0
DA:38,0
DA:39,0
DA:40,0
LF:18
LH:1
end_of_record
SF:lib\pages\takethat_page.dart
DA:6,1
DA:8,1
DA:9,1
DA:15,0
DA:16,0
DA:17,0
DA:20,0
DA:21,0
DA:28,1
DA:30,1
DA:31,1
DA:36,1
DA:38,2
DA:41,1
DA:49,1
DA:51,1
DA:63,1
DA:64,0
DA:66,1
DA:67,1
DA:68,1
DA:69,1
DA:70,1
DA:73,1
DA:74,1
LF:25
LH:19
end_of_record
SF:lib\pages\signup_page.dart
DA:8,5
DA:10,1
DA:11,1
DA:19,1
DA:21,2
DA:22,2
DA:23,2
DA:24,1
DA:27,0
DA:29,0
DA:30,0
DA:31,0
DA:32,0
DA:35,0
DA:37,0
DA:38,0
DA:39,0
DA:40,0
DA:41,0
DA:42,0
DA:46,0
DA:47,0
DA:48,0
DA:51,0
DA:52,0
DA:53,0
DA:58,1
DA:60,1
DA:61,1
DA:68,1
DA:69,1
DA:70,1
DA:73,1
DA:75,1
DA:76,1
DA:77,1
DA:80,1
DA:87,1
DA:88,2
DA:89,2
DA:91,1
DA:94,1
DA:96,1
DA:97,1
DA:98,1
DA:101,1
DA:108,1
DA:109,2
DA:110,2
DA:112,1
DA:116,1
DA:118,1
DA:119,1
DA:121,1
DA:122,1
DA:123,0
DA:124,0
DA:144,1
DA:146,1
DA:147,1
DA:148,0
DA:149,0
DA:168,1
DA:170,1
DA:171,1
DA:173,0
DA:174,0
DA:195,1
DA:196,1
DA:197,1
DA:199,1
DA:204,1
DA:227,1
DA:228,0
DA:229,0
DA:231,0
DA:234,1
LF:77
LH:50
end_of_record
SF:lib\pages\setting_page.dart
DA:5,2
DA:7,1
DA:9,1
DA:10,1
DA:13,1
DA:15,1
DA:16,1
DA:17,1
DA:20,1
DA:21,1
DA:23,1
DA:25,1
DA:27,1
DA:31,1
DA:35,1
DA:36,1
DA:37,0
DA:40,1
DA:41,1
DA:43,1
DA:44,2
DA:45,3
DA:56,1
DA:60,1
DA:64,1
DA:67,1
DA:68,1
DA:70,2
LF:28
LH:27
end_of_record
SF:lib\pages\userposts.dart
DA:5,2
DA:7,2
DA:9,2
DA:10,2
DA:11,2
DA:13,2
DA:15,2
DA:16,2
DA:17,2
DA:18,2
DA:21,2
DA:22,2
DA:26,2
DA:27,4
DA:34,2
DA:35,2
DA:36,2
DA:39,2
DA:42,2
DA:44,2
DA:46,2
DA:47,2
DA:48,2
DA:49,2
DA:50,2
DA:52,2
DA:54,2
DA:57,2
DA:59,2
DA:60,2
DA:61,2
DA:62,4
DA:63,2
DA:64,2
DA:66,2
LF:35
LH:35
end_of_record
